<?xml version="1.0" encoding="UTF-8"?>
<!-- Generated by org.testng.reporters.JUnitXMLReporter -->
<testsuite hostname="Subratas-MacBook-Pro-3.local" ignored="0" name="Test" tests="4" failures="0" timestamp="2020-06-28T08:36:57 PDT" time="15.854" errors="0">
  <testcase name="launchURL" time="2.533" classname="travelSite.SeleniumPOC.HotWire"/>
  <testcase name="vacation" time="10.393" classname="travelSite.SeleniumPOC.HotWire"/>
  <testcase name="selectOpt" time="0.171" classname="travelSite.SeleniumPOC.HotWire"/>
  <testcase name="testApp" time="0.002" classname="travelSite.SeleniumPOC.AppTest"/>
</testsuite> <!-- Test -->
