<?xml version="1.0" encoding="UTF-8"?>
<!-- Generated by org.testng.reporters.JUnitXMLReporter -->
<testsuite hostname="Subratas-MacBook-Pro-3.local" ignored="0" name="Default test" tests="3" failures="0" timestamp="2020-06-28T08:48:14 PDT" time="17.413" errors="0">
  <testcase name="launchURL" time="2.13" classname="travelSite.SeleniumPOC.HotWire"/>
  <testcase name="vacation" time="12.503" classname="travelSite.SeleniumPOC.HotWire"/>
  <testcase name="selectOpt" time="0.158" classname="travelSite.SeleniumPOC.HotWire"/>
</testsuite> <!-- Default test -->
